<?xml version="1.0" encoding="UTF-8"?>
<testng-results ignored="0" total="1" passed="1" failed="0" skipped="0">
  <reporter-output>
  </reporter-output>
  <suite started-at="2021-06-11T02:23:37 IST" name="Default suite" finished-at="2021-06-11T02:23:42 IST" duration-ms="4825">
    <groups>
    </groups>
    <test started-at="2021-06-11T02:23:37 IST" name="Default test" finished-at="2021-06-11T02:23:42 IST" duration-ms="4825">
      <class name="testAPIPackage.DynamicJsonOps">
        <test-method signature="addBookLibraryAPI()[pri:0, instance:testAPIPackage.DynamicJsonOps@6f46426d]" started-at="2021-06-11T02:23:37 IST" name="addBookLibraryAPI" finished-at="2021-06-11T02:23:42 IST" duration-ms="4752" status="PASS">
          <reporter-output>
          </reporter-output>
        </test-method> <!-- addBookLibraryAPI -->
      </class> <!-- testAPIPackage.DynamicJsonOps -->
    </test> <!-- Default test -->
  </suite> <!-- Default suite -->
</testng-results>
